[2025-08-11T10:22:20.810Z] [✅ LOGIN_SUCCESS] [User: anonymous] poorvi@example.com
[2025-08-11T10:22:27.574Z] [✅ LOGIN_SUCCESS] [User: anonymous] poorvi@example.com
[2025-08-11T10:27:32.660Z] [❌ REGISTER_FAIL] [User: anonymous] Attempted registration with existing email: abuse@example.com
[2025-08-11T10:27:33.089Z] [✅ LOGIN_SUCCESS] [User: anonymous] abuse@example.com
[2025-08-11T10:27:33.278Z] [❌ REGISTER_FAIL] [User: anonymous] Attempted registration with existing email: admin@example.com
[2025-08-11T10:27:33.408Z] [✅ LOGIN_SUCCESS] [User: anonymous] admin@example.com
[2025-08-11T10:27:33.617Z] [ABUSE_REPORTED] [User: 688d050e04d1e7f6b46fb094] Abuse reported: "This is a test abuse report"
[2025-08-11T10:27:33.937Z] [FETCH_ABUSE_REPORTS] [User: 689385e0547e0260bc6051e1] Fetched 1 abuse reports
[2025-08-11T10:27:34.250Z] [✅ REGISTERED] [User: anonymous] appointment8180@test.com
[2025-08-11T10:27:34.889Z] [✅ REGISTERED] [User: anonymous] test8119@example.com
[2025-08-11T10:27:35.146Z] [✅ LOGIN_SUCCESS] [User: anonymous] test8119@example.com
[2025-08-11T10:27:35.344Z] [❌ REGISTER_FAIL] [User: anonymous] Attempted registration with existing email: test8119@example.com
[2025-08-11T10:27:35.416Z] [❌ LOGIN_FAIL] [User: anonymous] Invalid email: invalid@example.com
[2025-08-11T10:27:35.613Z] [✅ REGISTERED] [User: anonymous] checklist4284@test.com
[2025-08-11T10:27:35.753Z] [FORUM_POST_CREATED] [User: anonymous] Forum post created: "Test Title"
[2025-08-11T10:27:35.874Z] [FORUM_POST_CREATE_FAIL] [User: anonymous] Missing title or content
[2025-08-11T10:27:36.187Z] [✅ REGISTERED] [User: anonymous] journal6281@test.com
[2025-08-11T10:27:36.690Z] [✅ REGISTERED] [User: anonymous] coin8948@test.com
[2025-08-11T10:27:37.232Z] [EARN_CREDITS] [User: 6899c5988a5dfce973a43ec6] User earned 10 credits from recycled_plastic
[2025-08-11T10:27:37.353Z] [❌ REGISTER_FAIL] [User: anonymous] Attempted registration with existing email: pdf@example.com
[2025-08-11T10:27:37.473Z] [✅ LOGIN_SUCCESS] [User: anonymous] pdf@example.com
[2025-08-11T10:27:37.606Z] [EXPORT_SAMPLE_PDF] [User: anonymous] User downloaded health-summary.pdf
[2025-08-11T10:27:37.867Z] [EXPORT_SUMMARY_FAIL] [User: anonymous] No journal entries for user 688db9a89a43feac5ab190a4
[2025-08-11T10:27:38.197Z] [✅ REGISTERED] [User: anonymous] period9040@test.com
[2025-08-11T10:27:38.649Z] [✅ REGISTERED] [User: anonymous] reward3977@test.com
[2025-08-11T10:27:38.979Z] [EARN_CREDITS] [User: 6899c59a8a5dfce973a43eea] +0 credits for challenge via eco_activity
[2025-08-11T10:27:39.225Z] [FETCH_CREDITS] [User: 6899c59a8a5dfce973a43eea] User credits fetched
[2025-08-11T10:27:39.668Z] [❌ LOGIN_FAIL] [User: anonymous] Invalid email: testuser@example.com
[2025-08-11T10:27:39.760Z] [❌ REGISTER_FAIL] [User: anonymous] Attempted registration with existing email: whatsapp@example.com
[2025-08-11T10:27:39.878Z] [✅ LOGIN_SUCCESS] [User: anonymous] whatsapp@example.com
[2025-08-11T10:27:40.150Z] [✅ WHATSAPP_SENT] [User: 688dabb77893274785c83b38] WhatsApp sent to +919876543210
[2025-08-11T10:27:40.346Z] [❗WHATSAPP_MISSING_FIELDS] [User: anonymous] Phone or message not provided
[2025-08-11T10:27:40.610Z] [✅ WHATSAPP_SENT] [User: 688dabb77893274785c83b38] WhatsApp sent to +919876543210
[2025-08-11T10:27:40.868Z] [✅ WHATSAPP_SENT] [User: 688dabb77893274785c83b38] WhatsApp sent to +919876543210
[2025-08-11T10:27:41.108Z] [✅ WHATSAPP_SENT] [User: 688dabb77893274785c83b38] WhatsApp sent to +919876543210
[2025-08-11T10:38:35.205Z] [❌ REGISTER_FAIL] [User: anonymous] Attempted registration with existing email: abuse@example.com
[2025-08-11T10:38:35.653Z] [✅ LOGIN_SUCCESS] [User: anonymous] abuse@example.com
[2025-08-11T10:38:35.864Z] [❌ REGISTER_FAIL] [User: anonymous] Attempted registration with existing email: admin@example.com
[2025-08-11T10:38:35.987Z] [✅ LOGIN_SUCCESS] [User: anonymous] admin@example.com
[2025-08-11T10:38:36.196Z] [ABUSE_REPORTED] [User: 688d050e04d1e7f6b46fb094] Abuse reported: "This is a test abuse report"
[2025-08-11T10:38:36.514Z] [FETCH_ABUSE_REPORTS] [User: 689385e0547e0260bc6051e1] Fetched 1 abuse reports
[2025-08-11T10:38:36.823Z] [✅ REGISTERED] [User: anonymous] appointment7730@test.com
[2025-08-11T10:38:37.516Z] [✅ REGISTERED] [User: anonymous] test7676@example.com
[2025-08-11T10:38:37.828Z] [✅ LOGIN_SUCCESS] [User: anonymous] test7676@example.com
[2025-08-11T10:38:38.040Z] [❌ REGISTER_FAIL] [User: anonymous] Attempted registration with existing email: test7676@example.com
[2025-08-11T10:38:38.115Z] [❌ LOGIN_FAIL] [User: anonymous] Invalid email: invalid@example.com
[2025-08-11T10:38:38.313Z] [✅ REGISTERED] [User: anonymous] checklist7380@test.com
[2025-08-11T10:38:38.469Z] [FORUM_POST_CREATED] [User: anonymous] Forum post created: "Test Title"
[2025-08-11T10:38:38.599Z] [FORUM_POST_CREATE_FAIL] [User: anonymous] Missing title or content
[2025-08-11T10:38:38.916Z] [✅ REGISTERED] [User: anonymous] journal2769@test.com
[2025-08-11T10:38:39.437Z] [✅ REGISTERED] [User: anonymous] coin8216@test.com
[2025-08-11T10:38:39.972Z] [EARN_CREDITS] [User: 6899c82f06780e69d1ff27ca] User earned 10 credits from recycled_plastic
[2025-08-11T10:38:40.087Z] [❌ REGISTER_FAIL] [User: anonymous] Attempted registration with existing email: pdf@example.com
[2025-08-11T10:38:40.214Z] [✅ LOGIN_SUCCESS] [User: anonymous] pdf@example.com
[2025-08-11T10:38:40.361Z] [EXPORT_SAMPLE_PDF] [User: anonymous] User downloaded health-summary.pdf
[2025-08-11T10:38:40.612Z] [EXPORT_SUMMARY_FAIL] [User: anonymous] No journal entries for user 688db9a89a43feac5ab190a4
[2025-08-11T10:38:41.066Z] [✅ REGISTERED] [User: anonymous] period3073@test.com
[2025-08-11T10:38:41.515Z] [✅ REGISTERED] [User: anonymous] reward4334@test.com
[2025-08-11T10:38:41.836Z] [EARN_CREDITS] [User: 6899c83106780e69d1ff27ee] +0 credits for challenge via eco_activity
[2025-08-11T10:38:42.095Z] [FETCH_CREDITS] [User: 6899c83106780e69d1ff27ee] User credits fetched
[2025-08-11T10:38:42.577Z] [❌ LOGIN_FAIL] [User: anonymous] Invalid email: testuser@example.com
[2025-08-11T10:38:42.664Z] [❌ REGISTER_FAIL] [User: anonymous] Attempted registration with existing email: whatsapp@example.com
[2025-08-11T10:38:42.788Z] [✅ LOGIN_SUCCESS] [User: anonymous] whatsapp@example.com
[2025-08-11T10:38:43.046Z] [✅ WHATSAPP_SENT] [User: 688dabb77893274785c83b38] WhatsApp sent to +919876543210
[2025-08-11T10:38:43.238Z] [❗WHATSAPP_MISSING_FIELDS] [User: anonymous] Phone or message not provided
[2025-08-11T10:38:43.496Z] [✅ WHATSAPP_SENT] [User: 688dabb77893274785c83b38] WhatsApp sent to +919876543210
[2025-08-11T10:38:43.746Z] [✅ WHATSAPP_SENT] [User: 688dabb77893274785c83b38] WhatsApp sent to +919876543210
[2025-08-11T10:38:44.003Z] [✅ WHATSAPP_SENT] [User: 688dabb77893274785c83b38] WhatsApp sent to +919876543210
[2025-08-11T10:39:12.360Z] [✅ LOGIN_SUCCESS] [User: anonymous] poorvi@example.com
[2025-08-11T10:44:54.429Z] [EARN_CREDITS] [User: 688cc9083967cddca1e1ad9d] +10 credits for journal-entry via journal
[2025-08-11T10:45:28.997Z] [EXPORT_SAMPLE_PDF] [User: anonymous] User downloaded health-summary.pdf
[2025-08-11T10:48:41.992Z] [✅ LOGIN_SUCCESS] [User: anonymous] poorvi@example.com
[2025-08-11T11:03:07.010Z] [❌ REGISTER_FAIL] [User: anonymous] Attempted registration with existing email: abuse@example.com
[2025-08-11T11:03:07.556Z] [✅ LOGIN_SUCCESS] [User: anonymous] abuse@example.com
[2025-08-11T11:03:07.806Z] [❌ REGISTER_FAIL] [User: anonymous] Attempted registration with existing email: admin@example.com
[2025-08-11T11:03:07.940Z] [✅ LOGIN_SUCCESS] [User: anonymous] admin@example.com
[2025-08-11T11:03:08.205Z] [ABUSE_REPORTED] [User: 688d050e04d1e7f6b46fb094] Abuse reported: "This is a test abuse report"
[2025-08-11T11:03:08.600Z] [FETCH_ABUSE_REPORTS] [User: 689385e0547e0260bc6051e1] Fetched 1 abuse reports
[2025-08-11T11:03:09.022Z] [✅ REGISTERED] [User: anonymous] appointment4068@test.com
[2025-08-11T11:03:09.796Z] [✅ REGISTERED] [User: anonymous] test9194@example.com
[2025-08-11T11:03:10.099Z] [✅ LOGIN_SUCCESS] [User: anonymous] test9194@example.com
[2025-08-11T11:03:10.317Z] [❌ REGISTER_FAIL] [User: anonymous] Attempted registration with existing email: test9194@example.com
[2025-08-11T11:03:10.397Z] [❌ LOGIN_FAIL] [User: anonymous] Invalid email: invalid@example.com
[2025-08-11T11:03:10.590Z] [✅ REGISTERED] [User: anonymous] checklist5557@test.com
[2025-08-11T11:03:10.717Z] [FORUM_POST_CREATED] [User: anonymous] Forum post created: "Test Title"
[2025-08-11T11:03:10.823Z] [FORUM_POST_CREATE_FAIL] [User: anonymous] Missing title or content
[2025-08-11T11:03:11.164Z] [✅ REGISTERED] [User: anonymous] journal5403@test.com
[2025-08-11T11:03:11.761Z] [✅ REGISTERED] [User: anonymous] coin9817@test.com
[2025-08-11T11:03:12.281Z] [EARN_CREDITS] [User: 6899cdef2150662ffcc828b5] User earned 10 credits from recycled_plastic
[2025-08-11T11:03:12.408Z] [❌ REGISTER_FAIL] [User: anonymous] Attempted registration with existing email: pdf@example.com
[2025-08-11T11:03:12.535Z] [✅ LOGIN_SUCCESS] [User: anonymous] pdf@example.com
[2025-08-11T11:03:12.676Z] [EXPORT_SAMPLE_PDF] [User: anonymous] User downloaded health-summary.pdf
[2025-08-11T11:03:13.001Z] [EXPORT_SUMMARY_FAIL] [User: anonymous] No journal entries for user 688db9a89a43feac5ab190a4
[2025-08-11T11:03:13.405Z] [✅ REGISTERED] [User: anonymous] period4553@test.com
[2025-08-11T11:03:13.929Z] [✅ REGISTERED] [User: anonymous] reward7590@test.com
[2025-08-11T11:03:14.371Z] [EARN_CREDITS] [User: 6899cdf12150662ffcc828d9] +0 credits for challenge via eco_activity
[2025-08-11T11:03:14.648Z] [FETCH_CREDITS] [User: 6899cdf12150662ffcc828d9] User credits fetched
[2025-08-11T11:03:15.242Z] [❌ LOGIN_FAIL] [User: anonymous] Invalid email: testuser@example.com
[2025-08-11T11:03:15.320Z] [❌ REGISTER_FAIL] [User: anonymous] Attempted registration with existing email: whatsapp@example.com
[2025-08-11T11:03:15.443Z] [✅ LOGIN_SUCCESS] [User: anonymous] whatsapp@example.com
[2025-08-11T11:03:15.717Z] [✅ WHATSAPP_SENT] [User: 688dabb77893274785c83b38] WhatsApp sent to +919876543210
[2025-08-11T11:03:15.958Z] [❗WHATSAPP_MISSING_FIELDS] [User: anonymous] Phone or message not provided
[2025-08-11T11:03:16.275Z] [✅ WHATSAPP_SENT] [User: 688dabb77893274785c83b38] WhatsApp sent to +919876543210
[2025-08-11T11:03:16.485Z] [✅ WHATSAPP_SENT] [User: 688dabb77893274785c83b38] WhatsApp sent to +919876543210
[2025-08-11T11:03:16.725Z] [✅ WHATSAPP_SENT] [User: 688dabb77893274785c83b38] WhatsApp sent to +919876543210
